<?xml version="1.0" ?>
<!DOCTYPE coverage SYSTEM "http://cobertura.sourceforge.net/xml/coverage-04.dtd">
<coverage lines-valid="157" lines-covered="157" line-rate="1" branches-valid="159" branches-covered="143" branch-rate="0.8993000000000001" timestamp="1776098176736" complexity="0" version="0.1">
  <sources>
    <source>/Users/aturashov/Pet/codementorai/frontend</source>
  </sources>
  <packages>
    <package name="src" line-rate="1" branch-rate="0.7940999999999999">
      <classes>
        <class name="App.jsx" filename="src/App.jsx" line-rate="1" branch-rate="0.7940999999999999">
          <methods>
            <method name="App" hits="98" signature="()V">
              <lines>
                <line number="6" hits="98"/>
              </lines>
            </method>
            <method name="(anonymous_1)" hits="21" signature="()V">
              <lines>
                <line number="17" hits="21"/>
              </lines>
            </method>
            <method name="loadTasks" hits="21" signature="()V">
              <lines>
                <line number="18" hits="21"/>
              </lines>
            </method>
            <method name="(anonymous_3)" hits="40" signature="()V">
              <lines>
                <line number="40" hits="40"/>
              </lines>
            </method>
            <method name="loadSelectedTask" hits="40" signature="()V">
              <lines>
                <line number="41" hits="40"/>
              </lines>
            </method>
            <method name="moveTask" hits="3" signature="()V">
              <lines>
                <line number="60" hits="3"/>
              </lines>
            </method>
            <method name="submitReview" hits="3" signature="()V">
              <lines>
                <line number="70" hits="3"/>
              </lines>
            </method>
            <method name="(anonymous_7)" hits="1" signature="()V">
              <lines>
                <line number="101" hits="1"/>
              </lines>
            </method>
            <method name="(anonymous_8)" hits="1" signature="()V">
              <lines>
                <line number="107" hits="1"/>
              </lines>
            </method>
            <method name="(anonymous_9)" hits="1" signature="()V">
              <lines>
                <line number="113" hits="1"/>
              </lines>
            </method>
            <method name="(anonymous_10)" hits="1" signature="()V">
              <lines>
                <line number="119" hits="1"/>
              </lines>
            </method>
            <method name="(anonymous_11)" hits="3" signature="()V">
              <lines>
                <line number="125" hits="3"/>
              </lines>
            </method>
            <method name="(anonymous_12)" hits="2" signature="()V">
              <lines>
                <line number="143" hits="2"/>
              </lines>
            </method>
            <method name="(anonymous_13)" hits="2" signature="()V">
              <lines>
                <line number="143" hits="2"/>
              </lines>
            </method>
            <method name="(anonymous_14)" hits="1" signature="()V">
              <lines>
                <line number="144" hits="1"/>
              </lines>
            </method>
            <method name="(anonymous_15)" hits="1" signature="()V">
              <lines>
                <line number="144" hits="1"/>
              </lines>
            </method>
            <method name="(anonymous_16)" hits="1" signature="()V">
              <lines>
                <line number="145" hits="1"/>
              </lines>
            </method>
            <method name="(anonymous_17)" hits="1" signature="()V">
              <lines>
                <line number="146" hits="1"/>
              </lines>
            </method>
            <method name="(anonymous_18)" hits="1" signature="()V">
              <lines>
                <line number="146" hits="1"/>
              </lines>
            </method>
          </methods>
          <lines>
            <line number="7" hits="98" branch="false"/>
            <line number="8" hits="98" branch="false"/>
            <line number="9" hits="98" branch="false"/>
            <line number="10" hits="98" branch="false"/>
            <line number="11" hits="98" branch="false"/>
            <line number="12" hits="98" branch="false"/>
            <line number="13" hits="98" branch="false"/>
            <line number="14" hits="98" branch="false"/>
            <line number="15" hits="98" branch="false"/>
            <line number="17" hits="98" branch="false"/>
            <line number="19" hits="21" branch="false"/>
            <line number="20" hits="21" branch="false"/>
            <line number="21" hits="21" branch="false"/>
            <line number="23" hits="20" branch="false"/>
            <line number="24" hits="2" branch="false"/>
            <line number="25" hits="2" branch="false"/>
            <line number="27" hits="20" branch="false"/>
            <line number="28" hits="20" branch="false"/>
            <line number="29" hits="20" branch="false"/>
            <line number="30" hits="20" branch="false"/>
            <line number="31" hits="20" branch="false"/>
            <line number="33" hits="1" branch="true" condition-coverage="50% (1/2)"/>
            <line number="37" hits="21" branch="false"/>
            <line number="40" hits="98" branch="false"/>
            <line number="42" hits="40" branch="true" condition-coverage="100% (2/2)"/>
            <line number="43" hits="20" branch="false"/>
            <line number="44" hits="20" branch="false"/>
            <line number="47" hits="20" branch="false"/>
            <line number="48" hits="20" branch="false"/>
            <line number="49" hits="20" branch="false"/>
            <line number="50" hits="20" branch="false"/>
            <line number="51" hits="19" branch="false"/>
            <line number="53" hits="1" branch="true" condition-coverage="50% (1/2)"/>
            <line number="57" hits="40" branch="false"/>
            <line number="61" hits="3" branch="true" condition-coverage="50% (1/2)"/>
            <line number="63" hits="3" branch="true" condition-coverage="100% (2/2)"/>
            <line number="64" hits="3" branch="false"/>
            <line number="65" hits="3" branch="false"/>
            <line number="66" hits="3" branch="false"/>
            <line number="67" hits="3" branch="false"/>
            <line number="71" hits="3" branch="true" condition-coverage="50% (1/2)"/>
            <line number="73" hits="3" branch="false"/>
            <line number="74" hits="3" branch="false"/>
            <line number="75" hits="3" branch="false"/>
            <line number="80" hits="2" branch="false"/>
            <line number="81" hits="2" branch="false"/>
            <line number="82" hits="2" branch="false"/>
            <line number="83" hits="2" branch="false"/>
            <line number="85" hits="1" branch="false"/>
            <line number="86" hits="1" branch="true" condition-coverage="50% (1/2)"/>
            <line number="88" hits="3" branch="false"/>
            <line number="92" hits="98" branch="false"/>
            <line number="101" hits="1" branch="false"/>
            <line number="107" hits="1" branch="false"/>
            <line number="113" hits="1" branch="false"/>
            <line number="119" hits="1" branch="false"/>
            <line number="125" hits="3" branch="false"/>
            <line number="143" hits="2" branch="false"/>
            <line number="144" hits="1" branch="false"/>
            <line number="146" hits="1" branch="true" condition-coverage="50% (1/2)"/>
          </lines>
        </class>
      </classes>
    </package>
    <package name="src.api" line-rate="1" branch-rate="1">
      <classes>
        <class name="client.js" filename="src/api/client.js" line-rate="1" branch-rate="1">
          <methods>
            <method name="request" hits="9" signature="()V">
              <lines>
                <line number="3" hits="9"/>
              </lines>
            </method>
            <method name="(anonymous_1)" hits="4" signature="()V">
              <lines>
                <line number="21" hits="4"/>
              </lines>
            </method>
            <method name="(anonymous_2)" hits="2" signature="()V">
              <lines>
                <line number="25" hits="2"/>
              </lines>
            </method>
            <method name="(anonymous_3)" hits="1" signature="()V">
              <lines>
                <line number="26" hits="1"/>
              </lines>
            </method>
            <method name="(anonymous_4)" hits="1" signature="()V">
              <lines>
                <line number="31" hits="1"/>
              </lines>
            </method>
            <method name="(anonymous_5)" hits="1" signature="()V">
              <lines>
                <line number="36" hits="1"/>
              </lines>
            </method>
          </methods>
          <lines>
            <line number="1" hits="1" branch="true" condition-coverage="100% (2/2)"/>
            <line number="4" hits="9" branch="false"/>
            <line number="12" hits="9" branch="true" condition-coverage="100% (2/2)"/>
            <line number="13" hits="2" branch="false"/>
            <line number="14" hits="2" branch="true" condition-coverage="100% (2/2)"/>
            <line number="17" hits="7" branch="false"/>
            <line number="20" hits="1" branch="false"/>
            <line number="22" hits="4" branch="true" condition-coverage="100% (2/2)"/>
            <line number="23" hits="4" branch="false"/>
            <line number="25" hits="2" branch="false"/>
            <line number="27" hits="1" branch="false"/>
            <line number="32" hits="1" branch="false"/>
            <line number="37" hits="1" branch="false"/>
          </lines>
        </class>
      </classes>
    </package>
    <package name="src.components" line-rate="1" branch-rate="0.9209999999999999">
      <classes>
        <class name="CodeReviewPanel.jsx" filename="src/components/CodeReviewPanel.jsx" line-rate="1" branch-rate="0.9209999999999999">
          <methods>
            <method name="CodeReviewPanel" hits="117" signature="()V">
              <lines>
                <line number="9" hits="117"/>
              </lines>
            </method>
            <method name="(anonymous_1)" hits="56" signature="()V">
              <lines>
                <line number="25" hits="56"/>
              </lines>
            </method>
            <method name="(anonymous_2)" hits="41" signature="()V">
              <lines>
                <line number="26" hits="41"/>
              </lines>
            </method>
            <method name="(anonymous_3)" hits="65" signature="()V">
              <lines>
                <line number="31" hits="65"/>
              </lines>
            </method>
            <method name="(anonymous_4)" hits="8" signature="()V">
              <lines>
                <line number="32" hits="8"/>
              </lines>
            </method>
            <method name="(anonymous_5)" hits="96" signature="()V">
              <lines>
                <line number="40" hits="96"/>
              </lines>
            </method>
            <method name="(anonymous_6)" hits="4" signature="()V">
              <lines>
                <line number="41" hits="4"/>
              </lines>
            </method>
            <method name="handleMouseDown" hits="6" signature="()V">
              <lines>
                <line number="55" hits="6"/>
              </lines>
            </method>
            <method name="handleMouseEnter" hits="2" signature="()V">
              <lines>
                <line number="64" hits="2"/>
              </lines>
            </method>
            <method name="handleMouseUp" hits="22" signature="()V">
              <lines>
                <line number="69" hits="22"/>
              </lines>
            </method>
            <method name="clearSelection" hits="3" signature="()V">
              <lines>
                <line number="74" hits="3"/>
              </lines>
            </method>
            <method name="(anonymous_11)" hits="20" signature="()V">
              <lines>
                <line number="80" hits="20"/>
              </lines>
            </method>
            <method name="(anonymous_12)" hits="199" signature="()V">
              <lines>
                <line number="116" hits="199"/>
              </lines>
            </method>
            <method name="(anonymous_13)" hits="2" signature="()V">
              <lines>
                <line number="130" hits="2"/>
              </lines>
            </method>
            <method name="(anonymous_14)" hits="6" signature="()V">
              <lines>
                <line number="134" hits="6"/>
              </lines>
            </method>
            <method name="(anonymous_15)" hits="14" signature="()V">
              <lines>
                <line number="144" hits="14"/>
              </lines>
            </method>
            <method name="(anonymous_16)" hits="4" signature="()V">
              <lines>
                <line number="157" hits="4"/>
              </lines>
            </method>
            <method name="(anonymous_17)" hits="2" signature="()V">
              <lines>
                <line number="177" hits="2"/>
              </lines>
            </method>
            <method name="(anonymous_18)" hits="2" signature="()V">
              <lines>
                <line number="192" hits="2"/>
              </lines>
            </method>
            <method name="(anonymous_19)" hits="1" signature="()V">
              <lines>
                <line number="196" hits="1"/>
              </lines>
            </method>
            <method name="(anonymous_20)" hits="4" signature="()V">
              <lines>
                <line number="201" hits="4"/>
              </lines>
            </method>
          </methods>
          <lines>
            <line number="20" hits="117" branch="false"/>
            <line number="21" hits="117" branch="false"/>
            <line number="22" hits="117" branch="false"/>
            <line number="23" hits="117" branch="false"/>
            <line number="24" hits="117" branch="false"/>
            <line number="25" hits="117" branch="true" condition-coverage="100% (2/2)"/>
            <line number="26" hits="117" branch="false"/>
            <line number="27" hits="41" branch="true" condition-coverage="50% (1/2)"/>
            <line number="28" hits="41" branch="true" condition-coverage="100% (2/2)"/>
            <line number="31" hits="117" branch="false"/>
            <line number="32" hits="65" branch="false"/>
            <line number="33" hits="8" branch="true" condition-coverage="100% (2/2)"/>
            <line number="34" hits="8" branch="true" condition-coverage="100% (2/2)"/>
            <line number="35" hits="8" branch="false"/>
            <line number="36" hits="8" branch="false"/>
            <line number="40" hits="117" branch="false"/>
            <line number="41" hits="96" branch="false"/>
            <line number="42" hits="4" branch="true" condition-coverage="100% (2/2)"/>
            <line number="43" hits="4" branch="false"/>
            <line number="44" hits="4" branch="false"/>
            <line number="48" hits="117" branch="true" condition-coverage="100% (4/4)"/>
            <line number="49" hits="117" branch="true" condition-coverage="100% (4/4)"/>
            <line number="51" hits="117" branch="true" condition-coverage="100% (2/2)"/>
            <line number="52" hits="117" branch="true" condition-coverage="100% (2/2)"/>
            <line number="53" hits="117" branch="true" condition-coverage="100% (2/2)"/>
            <line number="56" hits="6" branch="false"/>
            <line number="57" hits="6" branch="true" condition-coverage="50% (1/2)"/>
            <line number="58" hits="6" branch="false"/>
            <line number="59" hits="6" branch="false"/>
            <line number="60" hits="6" branch="false"/>
            <line number="61" hits="6" branch="false"/>
            <line number="65" hits="2" branch="true" condition-coverage="100% (2/2)"/>
            <line number="66" hits="1" branch="false"/>
            <line number="70" hits="22" branch="true" condition-coverage="100% (2/2)"/>
            <line number="71" hits="6" branch="false"/>
            <line number="75" hits="3" branch="false"/>
            <line number="76" hits="3" branch="false"/>
            <line number="77" hits="3" branch="false"/>
            <line number="80" hits="117" branch="false"/>
            <line number="81" hits="20" branch="true" condition-coverage="100% (2/2)"/>
            <line number="84" hits="117" branch="true" condition-coverage="100% (2/2)"/>
            <line number="86" hits="117" branch="false"/>
            <line number="117" hits="199" branch="false"/>
            <line number="118" hits="199" branch="true" condition-coverage="100% (3/3)"/>
            <line number="119" hits="199" branch="true" condition-coverage="100% (3/3)"/>
            <line number="120" hits="199" branch="false"/>
            <line number="121" hits="199" branch="false"/>
            <line number="126" hits="199" branch="false"/>
            <line number="130" hits="2" branch="false"/>
            <line number="134" hits="6" branch="false"/>
            <line number="145" hits="14" branch="false"/>
            <line number="146" hits="14" branch="true" condition-coverage="100% (2/2)"/>
            <line number="147" hits="10" branch="true" condition-coverage="100% (2/2)"/>
            <line number="148" hits="14" branch="false"/>
            <line number="158" hits="4" branch="false"/>
            <line number="159" hits="4" branch="false"/>
            <line number="160" hits="4" branch="false"/>
            <line number="178" hits="2" branch="false"/>
            <line number="179" hits="2" branch="false"/>
            <line number="193" hits="2" branch="false"/>
            <line number="194" hits="2" branch="false"/>
            <line number="196" hits="1" branch="false"/>
            <line number="202" hits="4" branch="false"/>
          </lines>
        </class>
        <class name="CommentForm.jsx" filename="src/components/CommentForm.jsx" line-rate="1" branch-rate="0.9166">
          <methods>
            <method name="CommentForm" hits="129" signature="()V">
              <lines>
                <line number="3" hits="129"/>
              </lines>
            </method>
            <method name="submit" hits="6" signature="()V">
              <lines>
                <line number="7" hits="6"/>
              </lines>
            </method>
            <method name="(anonymous_2)" hits="70" signature="()V">
              <lines>
                <line number="28" hits="70"/>
              </lines>
            </method>
            <method name="(anonymous_3)" hits="41" signature="()V">
              <lines>
                <line number="38" hits="41"/>
              </lines>
            </method>
          </methods>
          <lines>
            <line number="4" hits="129" branch="true" condition-coverage="100% (2/2)"/>
            <line number="5" hits="129" branch="true" condition-coverage="100% (2/2)"/>
            <line number="8" hits="6" branch="false"/>
            <line number="9" hits="6" branch="true" condition-coverage="75% (3/4)"/>
            <line number="11" hits="6" branch="false"/>
            <line number="19" hits="129" branch="true" condition-coverage="100% (2/2)"/>
            <line number="21" hits="129" branch="false"/>
            <line number="28" hits="70" branch="false"/>
            <line number="38" hits="41" branch="false"/>
          </lines>
        </class>
        <class name="EvaluationCard.jsx" filename="src/components/EvaluationCard.jsx" line-rate="1" branch-rate="1">
          <methods>
            <method name="EvaluationCard" hits="3" signature="()V">
              <lines>
                <line number="3" hits="3"/>
              </lines>
            </method>
            <method name="(anonymous_1)" hits="2" signature="()V">
              <lines>
                <line number="17" hits="2"/>
              </lines>
            </method>
          </methods>
          <lines>
            <line number="4" hits="3" branch="true" condition-coverage="100% (2/2)"/>
            <line number="6" hits="2" branch="false"/>
            <line number="7" hits="2" branch="false"/>
            <line number="18" hits="2" branch="false"/>
          </lines>
        </class>
        <class name="LeftPanel.jsx" filename="src/components/LeftPanel.jsx" line-rate="1" branch-rate="0.909">
          <methods>
            <method name="LeftPanel" hits="83" signature="()V">
              <lines>
                <line number="3" hits="83"/>
              </lines>
            </method>
            <method name="(anonymous_1)" hits="51" signature="()V">
              <lines>
                <line number="22" hits="51"/>
              </lines>
            </method>
            <method name="(anonymous_2)" hits="5" signature="()V">
              <lines>
                <line number="55" hits="5"/>
              </lines>
            </method>
            <method name="(anonymous_3)" hits="4" signature="()V">
              <lines>
                <line number="61" hits="4"/>
              </lines>
            </method>
          </methods>
          <lines>
            <line number="4" hits="83" branch="true" condition-coverage="100% (2/2)"/>
            <line number="5" hits="40" branch="false"/>
            <line number="8" hits="43" branch="false"/>
            <line number="9" hits="83" branch="false"/>
            <line number="11" hits="83" branch="false"/>
            <line number="23" hits="51" branch="false"/>
            <line number="56" hits="5" branch="false"/>
            <line number="62" hits="4" branch="true" condition-coverage="100% (2/2)"/>
          </lines>
        </class>
      </classes>
    </package>
  </packages>
</coverage>
